Using pre-set license

 COMMAND LINE ARGUMENTS:
/Applications/2020.3.8f1/Unity.app/Contents/MacOS/Unity
-adb2
-batchMode
-noUpm
-name
AssetImportWorker0
-projectPath
/Users/asayamayume/Desktop/creative/Let'sPA/Let'sPA
-logFile
Logs/AssetImportWorker0.log
-srvPort
59661
Successfully changed project path to: /Users/asayamayume/Desktop/creative/Let'sPA/Let'sPA
/Users/asayamayume/Desktop/creative/Let'sPA/Let'sPA
Using Asset Import Pipeline V2.
Refreshing native plugins compatible for Editor in 35.02 ms, found 2 plugins.
Preloading 0 native plugins for Editor in 0.00 ms.
Initialize engine version: 2020.3.8f1 (507919d4fff5)
[Subsystems] Discovering subsystems at path /Applications/2020.3.8f1/Unity.app/Contents/Resources/UnitySubsystems
[Subsystems] Discovering subsystems at path /Users/asayamayume/Desktop/creative/Let'sPA/Let'sPA/Assets
GfxDevice: creating device client; threaded=0
2021-07-17 22:17:37.984 Unity[79940:3141830] (null) preferred device: Apple M1 (high power)
2021-07-17 22:17:37.984 Unity[79940:3141830] Metal devices available: 1
2021-07-17 22:17:37.984 Unity[79940:3141830] 0: Apple M1 (high power)
2021-07-17 22:17:37.984 Unity[79940:3141830] Using device Apple M1 (high power)
Initializing Metal device caps: Apple M1
Initialize mono
Mono path[0] = '/Applications/2020.3.8f1/Unity.app/Contents/Managed'
Mono path[1] = '/Applications/2020.3.8f1/Unity.app/Contents/MonoBleedingEdge/lib/mono/unityjit'
Mono config path = '/Applications/2020.3.8f1/Unity.app/Contents/MonoBleedingEdge/etc'
Using monoOptions --debugger-agent=transport=dt_socket,embedding=1,server=y,suspend=n,address=127.0.0.1:56940
Begin MonoManager ReloadAssembly
Registering precompiled unity dll's ...
Register platform support module: /Applications/2020.3.8f1/Unity.app/Contents/PlaybackEngines/MacStandaloneSupport/UnityEditor.OSXStandalone.Extensions.dll
Registered in 0.001409 seconds.
Native extension for OSXStandalone target not found
Refreshing native plugins compatible for Editor in 32.85 ms, found 2 plugins.
Preloading 0 native plugins for Editor in 0.00 ms.
Mono: successfully reloaded assembly
- Completed reload, in  2.152 seconds
Platform modules already initialized, skipping
Registering precompiled user dll's ...
Registered in 0.001643 seconds.
Begin MonoManager ReloadAssembly
Native extension for OSXStandalone target not found
Refreshing native plugins compatible for Editor in 31.95 ms, found 2 plugins.
Preloading 0 native plugins for Editor in 0.00 ms.
Mono: successfully reloaded assembly
- Completed reload, in  1.871 seconds
Platform modules already initialized, skipping
========================================================================
Worker process is ready to serve import requests
Launching external process: /Applications/2020.3.8f1/Unity.app/Contents/Tools/UnityShaderCompiler
Launched and connected shader compiler UnityShaderCompiler after 0.03 seconds
Refreshing native plugins compatible for Editor in 0.29 ms, found 2 plugins.
Preloading 0 native plugins for Editor in 0.00 ms.
Unloading 1808 Unused Serialized files (Serialized files now loaded: 0)
System memory in use before: 144.1 MB.
System memory in use after: 144.1 MB.

Unloading 24 unused Assets to reduce memory usage. Loaded Objects now: 2250.
Total: 1.739500 ms (FindLiveObjects: 0.195000 ms CreateObjectMapping: 0.042250 ms MarkObjects: 1.370666 ms  DeleteObjects: 0.129250 ms)

========================================================================
Received Import Request.
  path: Assets/Scenes/SampleScene.unity
  artifactKey: Guid(2cda990e2423bbf4892e6590ba056729) Importer(815301076,1909f56bfc062723c751e8b465ee728b)
Start importing Assets/Scenes/SampleScene.unity using Guid(2cda990e2423bbf4892e6590ba056729) Importer(815301076,1909f56bfc062723c751e8b465ee728b)  -> (artifact id: 'aa27944bdea339c97c39027c7eea529c') in 0.019555 seconds
  Import took 0.024632 seconds .

========================================================================
Received Import Request.
  Time since last request: 17.756557 seconds.
  path: Assets/Scenes/StartScene.unity
  artifactKey: Guid(2cda990e2423bbf4892e6590ba056729) Importer(815301076,1909f56bfc062723c751e8b465ee728b)
Start importing Assets/Scenes/StartScene.unity using Guid(2cda990e2423bbf4892e6590ba056729) Importer(815301076,1909f56bfc062723c751e8b465ee728b)  -> (artifact id: '140ff2adb390a9341b561d84aec37a0f') in 0.001455 seconds
  Import took 0.005571 seconds .

========================================================================
Received Prepare
Registering precompiled user dll's ...
Registered in 0.000975 seconds.
Begin MonoManager ReloadAssembly
Native extension for OSXStandalone target not found
Refreshing native plugins compatible for Editor in 0.30 ms, found 2 plugins.
Preloading 0 native plugins for Editor in 0.00 ms.
Mono: successfully reloaded assembly
- Completed reload, in  1.912 seconds
Platform modules already initialized, skipping
Refreshing native plugins compatible for Editor in 0.29 ms, found 2 plugins.
Preloading 0 native plugins for Editor in 0.00 ms.
Unloading 1803 Unused Serialized files (Serialized files now loaded: 0)
System memory in use before: 144.2 MB.
System memory in use after: 144.2 MB.

Unloading 12 unused Assets to reduce memory usage. Loaded Objects now: 2254.
Total: 1.433500 ms (FindLiveObjects: 0.142708 ms CreateObjectMapping: 0.036000 ms MarkObjects: 1.152584 ms  DeleteObjects: 0.101250 ms)

========================================================================
Received Import Request.
  Time since last request: 1266.356438 seconds.
  path: Assets/Scenes
  artifactKey: Guid(cc85c71d9adde42d7acf0f9e4089b696) Importer(815301076,1909f56bfc062723c751e8b465ee728b)
Start importing Assets/Scenes using Guid(cc85c71d9adde42d7acf0f9e4089b696) Importer(815301076,1909f56bfc062723c751e8b465ee728b)  -> (artifact id: '5a3877eb55a6c4fa047d0ecaeceb5d0b') in 0.007310 seconds
  Import took 0.011204 seconds .

========================================================================
Received Prepare
Registering precompiled user dll's ...
Registered in 0.000931 seconds.
Begin MonoManager ReloadAssembly
Native extension for OSXStandalone target not found
Refreshing native plugins compatible for Editor in 0.52 ms, found 2 plugins.
Preloading 0 native plugins for Editor in 0.00 ms.
Mono: successfully reloaded assembly
- Completed reload, in  1.780 seconds
Platform modules already initialized, skipping
Refreshing native plugins compatible for Editor in 0.21 ms, found 2 plugins.
Preloading 0 native plugins for Editor in 0.00 ms.
Unloading 1803 Unused Serialized files (Serialized files now loaded: 0)
System memory in use before: 144.4 MB.
System memory in use after: 144.4 MB.

Unloading 12 unused Assets to reduce memory usage. Loaded Objects now: 2258.
Total: 1.507583 ms (FindLiveObjects: 0.097208 ms CreateObjectMapping: 0.039959 ms MarkObjects: 1.287708 ms  DeleteObjects: 0.082083 ms)

========================================================================
Received Import Request.
  Time since last request: 32.210251 seconds.
  path: Assets/Scenes/GameScene.unity
  artifactKey: Guid(368bf004e47a143919a0eab5b107a672) Importer(815301076,1909f56bfc062723c751e8b465ee728b)
Start importing Assets/Scenes/GameScene.unity using Guid(368bf004e47a143919a0eab5b107a672) Importer(815301076,1909f56bfc062723c751e8b465ee728b)  -> (artifact id: 'c2349ce22e31a71bfa50a0ef70707983') in 0.016446 seconds
  Import took 0.018482 seconds .

========================================================================
Received Import Request.
  Time since last request: 3.343384 seconds.
  path: Assets/Scenes/StartScene.unity
  artifactKey: Guid(2cda990e2423bbf4892e6590ba056729) Importer(815301076,1909f56bfc062723c751e8b465ee728b)
Start importing Assets/Scenes/StartScene.unity using Guid(2cda990e2423bbf4892e6590ba056729) Importer(815301076,1909f56bfc062723c751e8b465ee728b)  -> (artifact id: '8cdaa995492e184f5cc4f9e7227fef65') in 0.003224 seconds
  Import took 0.007921 seconds .

========================================================================
Received Import Request.
  Time since last request: 3103.203700 seconds.
  path: Assets/Scenes/GameScene.unity
  artifactKey: Guid(368bf004e47a143919a0eab5b107a672) Importer(815301076,1909f56bfc062723c751e8b465ee728b)
Start importing Assets/Scenes/GameScene.unity using Guid(368bf004e47a143919a0eab5b107a672) Importer(815301076,1909f56bfc062723c751e8b465ee728b)  -> (artifact id: '3f9ba4b238271927b8df2b0e572dfba8') in 0.005282 seconds
  Import took 0.019036 seconds .

========================================================================
Received Import Request.
  Time since last request: 30.151876 seconds.
  path: Assets/Scenes/EndScene.unity
  artifactKey: Guid(c19378d0d597b4d6993ee274b9bd5d15) Importer(815301076,1909f56bfc062723c751e8b465ee728b)
Start importing Assets/Scenes/EndScene.unity using Guid(c19378d0d597b4d6993ee274b9bd5d15) Importer(815301076,1909f56bfc062723c751e8b465ee728b)  -> (artifact id: 'b83830d0ea61a8c16f8fb445403a18a1') in 0.002028 seconds
  Import took 0.004826 seconds .

========================================================================
Received Import Request.
  Time since last request: 133.039398 seconds.
  path: Assets/Scenes/StartScene.unity
  artifactKey: Guid(2cda990e2423bbf4892e6590ba056729) Importer(815301076,1909f56bfc062723c751e8b465ee728b)
Start importing Assets/Scenes/StartScene.unity using Guid(2cda990e2423bbf4892e6590ba056729) Importer(815301076,1909f56bfc062723c751e8b465ee728b)  -> (artifact id: '453b5b44922f459bbbc28f02d554c5ed') in 0.004924 seconds
  Import took 0.008959 seconds .

========================================================================
Received Import Request.
  Time since last request: 0.000730 seconds.
  path: Assets/Scenes/StartScene.unity
  artifactKey: Guid(2cda990e2423bbf4892e6590ba056729) Importer(815301076,1909f56bfc062723c751e8b465ee728b)
Start importing Assets/Scenes/StartScene.unity using Guid(2cda990e2423bbf4892e6590ba056729) Importer(815301076,1909f56bfc062723c751e8b465ee728b)  -> (artifact id: '453b5b44922f459bbbc28f02d554c5ed') in 0.001409 seconds
  Import took 0.004790 seconds .

